Arguments: 
  /snap/node/5953/bin/node /snap/node/5953/bin/yarn.js install

PATH: 
  /home/elkcloner/miniconda3/condabin:/opt/selenium/:/home/elkcloner/.pyenv/shims:/home/elkcloner/.pyenv/bin:/snap/bin/:/usr/lib/ccache:/home/elkcloner/.subuser/bin:/usr/lib/jvm/java-1.8.0-openjdk-amd64/bin:/usr/local/bin:/usr/bin:/bin:/usr/local/games:/usr/games:/snap/bin:/usr/lib/jvm/java-8-oracle/bin:/usr/lib/jvm/java-8-oracle/db/bin:/usr/lib/jvm/java-8-oracle/jre/bin:/home/elkcloner/.local/bin

Yarn version: 
  1.22.17

Node version: 
  16.14.0

Platform: 
  linux x64

Trace: 
  Error: /home/elkcloner/git/healthcenter/frontend/node_modules/esbuild: ENOSPC: no space left on device, mkdir '/tmp/yarn--1648851719557-0.537255050134219'

npm manifest: 
  {
    "name": "frontend",
    "version": "0.0.1",
    "scripts": {
      "dev": "npm-run-all --parallel sveltekit typesafe-i18n",
      "sveltekit": "svelte-kit dev",
      "build": "svelte-kit build",
      "package": "svelte-kit package",
      "preview": "svelte-kit preview",
      "test": "playwright test",
      "check": "svelte-check --tsconfig ./tsconfig.json",
      "check:watch": "svelte-check --tsconfig ./tsconfig.json --watch",
      "lint": "prettier --ignore-path .gitignore --check --plugin-search-dir=. . && eslint --ignore-path .gitignore .",
      "format": "prettier --ignore-path .gitignore --write --plugin-search-dir=. .",
      "typesafe-i18n": "typesafe-i18n"
    },
    "devDependencies": {
      "@playwright/test": "^1.19.1",
      "@sveltejs/adapter-auto": "^0.0.1",
      "@sveltejs/adapter-node": "^1.0.0-next.0",
      "@sveltejs/kit": "1.0.0-next.1",
      "@typescript-eslint/eslint-plugin": "^5.10.1",
      "@typescript-eslint/parser": "^5.10.1",
      "eslint": "^7.32.0",
      "eslint-config-prettier": "^8.3.0",
      "eslint-plugin-svelte3": "^3.2.1",
      "prettier": "^2.5.1",
      "prettier-plugin-svelte": "^2.5.0",
      "svelte": "^3.46.6",
      "svelte-check": "^2.4.6",
      "svelte-preprocess": "^4.10.4",
      "tslib": "^2.3.1",
      "typescript": "~4.6.2"
    },
    "type": "module",
    "dependencies": {
      "svelte-map-leaflet": "^0.5.0",
      "sveltestrap": "^5.8.3"
    },
    "optionalDependencies": {
      "fsevents": "^2.3.2"
    }
  }

yarn manifest: 
  No manifest

Lockfile: 
  No lockfile
